[13:49:59] [main/INFO] (FabricLoader/GameProvider) Loading Minecraft Beta 1.7.3 with Fabric Loader 0.15.6-babric.1
[13:49:59] [main/INFO] (FabricLoader) Loading 50 mods:
	- alwaysmoreitems 1.3.1
	- fabricloader 0.15.6-babric.1
	- gambac 1.1.1
	- gcapi3 3.0.2
	- glassnetworking 1.0.3
	- java 17
	- minecraft 1.0.0-beta.7.3
	- mixinextras 0.3.2
	- modmenu 1.8.5-beta.9
	- retrocommands 0.5.2
	- spasm 0.2.2
	- spawneggs 1.9.1
	- stapi-fast-intro 1.0.1
	- station-achievements-v0 2.0-alpha.2.4
	- station-api-base 2.0-alpha.2.4
	- station-armor-api-v0 2.0-alpha.2.4
	- station-audio-loader-v0 2.0-alpha.2.4
	- station-biome-events-v0 2.0-alpha.2.4
	- station-blockentities-v0 2.0-alpha.2.4
	- station-blockitems-v0 2.0-alpha.2.4
	- station-blocks-v0 2.0-alpha.2.4
	- station-container-api-v0 2.0-alpha.2.4
	- station-datafixer-v0 2.0-alpha.2.4
	- station-dimensions-v0 2.0-alpha.2.4
	- station-entities-v0 2.0-alpha.2.4
	- station-flattening-v0 2.0-alpha.2.4
	- station-gui-api-v0 2.0-alpha.2.4
	- station-items-v0 2.0-alpha.2.4
	- station-keybindings-v0 2.0-alpha.2.4
	- station-lifecycle-events-v0 2.0-alpha.2.4
	- station-localization-api-v0 2.0-alpha.2.4
	- station-maths-v0 2.0-alpha.2.4
	- station-nbt-v0 2.0-alpha.2.4
	- station-networking-v0 2.0-alpha.2.4
	- station-player-api-v0 2.0-alpha.2.4
	- station-recipes-v0 2.0-alpha.2.4
	- station-registry-api-v0 2.0-alpha.2.4
	- station-registry-sync-v0 2.0-alpha.2.4
	- station-renderer-api-v0 2.0-alpha.2.4
	- station-renderer-arsenic 2.0-alpha.2.4
	- station-resource-loader-v0 2.0-alpha.2.4
	- station-templates-v0 2.0-alpha.2.4
	- station-tools-api-v1 2.0-alpha.2.4
	- station-transitive-access-wideners-v0 2.0-alpha.2.4
	- station-vanilla-checker-v0 2.0-alpha.2.4
	- station-vanilla-fix-v0 2.0-alpha.2.4
	- station-world-events-v0 2.0-alpha.2.4
	- station-worldgen-api-v0 2.0-alpha.2.4
	- stationapi 2.0-alpha.2.4
	- voidcalls 1.0.0
[13:49:59] [main/INFO] (FabricLoader/Mixin) SpongePowered MIXIN Subsystem Version=0.8.5 Source=file:/Users/kieranbennett/.gradle/caches/modules-2/files-2.1/net.fabricmc/sponge-mixin/0.12.5+mixin.0.8.5/8d31fb97c3e0cd7c8dad3441851c523bcfae6d8e/sponge-mixin-0.12.5+mixin.0.8.5.jar Service=Knot/Fabric Env=CLIENT
[13:49:59] [main/INFO] (FabricLoader/Mixin) Loaded Fabric development mappings for mixin remapper!
[13:49:59] [main/INFO] (FabricLoader/Mixin) Compatibility level set to JAVA_17
[13:49:59] [main/WARN] (FabricLoader/Mixin) Error loading class: net/minecraft/server/network/ServerPlayNetworkHandler (java.lang.RuntimeException: Cannot load class net.minecraft.server.network.ServerPlayNetworkHandler in environment type CLIENT)
[13:49:59] [main/WARN] (FabricLoader/Mixin) @Mixin target net.minecraft.server.network.ServerPlayNetworkHandler was not found station-lifecycle-events-v0.mixins.json:server.ServerPlayNetworkHandlerMixin from mod station-lifecycle-events-v0
[13:49:59] [main/INFO] (GCAPI3) Loading config factories.
[13:49:59] [main/INFO] (GCAPI3) 9 config load factories loaded.
[13:49:59] [main/INFO] (GCAPI3) 9 config save factories loaded.
[13:49:59] [main/INFO] (GCAPI3) 0 config load transformer factories loaded.
[13:49:59] [main/INFO] (GCAPI3) Loading config event listeners.
[13:49:59] [main/INFO] (GCAPI3) Loaded config event listeners.
[13:49:59] [main/INFO] (FabricLoader/MixinExtras|Service) Initializing MixinExtras via com.llamalad7.mixinextras.service.MixinExtrasServiceImpl(version=0.3.2).
[13:49:59] [main/INFO] (GCAPI3) Successfully read "alwaysmoreitems:config"'s mod configs, reading 1 categories, and 13 values.
[13:49:59] [main/INFO] (GCAPI3) Successfully saved 0 categories, containing 13 values for Always More Items(alwaysmoreitems).
[13:49:59] [main/INFO] (Station|API) Initializing Station API...
[13:49:59] [main/INFO] (Station|API) Loading entrypoints...
[13:49:59] [main/INFO] (Station|API) Setting up "station-vanilla-checker-v0" "stationapi:event_bus" "net.modificationstation.stationapi.impl.network.VanillaChecker" entrypoint...
[13:49:59] [main/INFO] (Station|API) Setting up "station-tools-api-v1" "stationapi:event_bus" "net.modificationstation.stationapi.impl.item.ToolEffectivenessImplV1" entrypoint...
[13:49:59] [main/INFO] (Station|API) Setting up "station-tools-api-v1" "stationapi:event_bus" "net.modificationstation.stationapi.impl.item.HijackShearsImplV1" entrypoint...
[13:50:00] [main/INFO] (Station|API) Setting up "station-vanilla-fix-v0" "stationapi:event_bus" "net.modificationstation.stationapi.impl.vanillafix.block.VanillaBlockFixImpl" entrypoint...
[13:50:00] [main/INFO] (Station|API) Setting up "station-vanilla-fix-v0" "stationapi:event_bus" "net.modificationstation.stationapi.impl.vanillafix.item.VanillaItemFixImpl" entrypoint...
[13:50:00] [main/INFO] (Station|API) Setting up "station-vanilla-fix-v0" "stationapi:event_bus" "net.modificationstation.stationapi.impl.vanillafix.dimension.VanillaDimensionFixImpl" entrypoint...
[13:50:00] [main/INFO] (Station|API) Setting up "station-vanilla-fix-v0" "stationapi:event_bus" "net.modificationstation.stationapi.impl.vanillafix.item.tool.VanillaToolFixImpl" entrypoint...
[13:50:00] [main/INFO] (Station|API) Setting up "station-vanilla-fix-v0" "stationapi:event_bus" "net.modificationstation.stationapi.impl.vanillafix.recipe.VanillaFuelItemFixImpl" entrypoint...
[13:50:00] [main/INFO] (Station|API) Setting up "station-vanilla-fix-v0" "stationapi:event_bus" "net.modificationstation.stationapi.impl.vanillafix.datafixer.VanillaDataFixerImpl" entrypoint...
[13:50:00] [main/INFO] (Station|API) Setting up "station-items-v0" "stationapi:event_bus" "net.modificationstation.stationapi.impl.entity.player.ItemCustomReachImpl" entrypoint...
[13:50:00] [main/INFO] (Station|API) Setting up "station-items-v0" "stationapi:event_bus" "net.modificationstation.stationapi.impl.dispenser.CustomDispenseBehaviorImpl" entrypoint...
[13:50:00] [main/INFO] (Station|API) Setting up "station-worldgen-api-v0" "stationapi:event_bus" "net.modificationstation.stationapi.impl.worldgen.WorldgenListener" entrypoint...
[13:50:00] [main/INFO] (Station|API) Setting up "station-recipes-v0" "stationapi:event_bus" "net.modificationstation.stationapi.impl.recipe.json.JsonRecipeParserRegisterImpl" entrypoint...
[13:50:00] [main/INFO] (Station|API) Setting up "station-recipes-v0" "stationapi:event_bus" "net.modificationstation.stationapi.impl.recipe.JsonRecipeParserInit" entrypoint...
[13:50:00] [main/INFO] (Station|API) Setting up "station-recipes-v0" "stationapi:event_bus" "net.modificationstation.stationapi.impl.recipe.JsonRecipesLoader" entrypoint...
[13:50:00] [main/INFO] (Station|API) Setting up "station-recipes-v0" "stationapi:event_bus" "net.modificationstation.stationapi.api.recipe.FuelRegistry" entrypoint...
[13:50:00] [main/INFO] (Station|API) Setting up "station-registry-api-v0" "stationapi:event_bus" "net.modificationstation.stationapi.impl.registry.WorldRegistryRemapper" entrypoint...
[13:50:00] [main/INFO] (Station|API) Setting up "station-registry-api-v0" "stationapi:event_bus" "net.modificationstation.stationapi.impl.registry.TagReloaderImpl" entrypoint...
[13:50:00] [main/INFO] (Station|API) Setting up "station-api-base" "stationapi:event_bus" "net.modificationstation.stationapi.impl.mod.DeprecatedInitEventsImpl" entrypoint...
[13:50:00] [main/INFO] (Station|API) Setting up "station-armor-api-v0" "stationapi:event_bus" "net.modificationstation.stationapi.impl.item.CustomArmorValuesImpl" entrypoint...
[13:50:00] [main/INFO] (Station|API) Setting up "station-flattening-v0" "stationapi:event_bus" "net.modificationstation.stationapi.api.block.States" entrypoint...
[13:50:00] [main/INFO] (Station|API) Setting up "station-flattening-v0" "stationapi:event_bus" "net.modificationstation.stationapi.impl.block.PlacementStateImpl" entrypoint...
[13:50:00] [main/INFO] (Station|API) Setting up "station-flattening-v0" "stationapi:event_bus" "net.modificationstation.stationapi.impl.world.WorldDataVersionImpl" entrypoint...
[13:50:00] [main/INFO] (Station|API) Setting up "station-flattening-v0" "stationapi:event_bus" "net.modificationstation.stationapi.impl.block.BlockInteractionImpl" entrypoint...
[13:50:00] [main/INFO] (Station|API) Setting up "station-resource-loader-v0" "stationapi:event_bus" "net.modificationstation.stationapi.impl.resource.DataReloaderImpl" entrypoint...
[13:50:00] [main/INFO] (Station|API) Setting up "alwaysmoreitems" "stationapi:event_bus" "net.glasslauncher.mods.alwaysmoreitems.util.AlwaysMoreItems" entrypoint...
[13:50:00] [main/INFO] (Station|API) Setting up "alwaysmoreitems" "stationapi:event_bus" "net.glasslauncher.mods.alwaysmoreitems.init.CommonInit" entrypoint...
[13:50:00] [main/INFO] (Station|API) Setting up "alwaysmoreitems" "stationapi:event_bus" "net.glasslauncher.mods.alwaysmoreitems.init.AfterBlockAndItemListener" entrypoint...
[13:50:00] [main/INFO] (Station|API) Setting up "alwaysmoreitems" "stationapi:event_bus" "net.glasslauncher.mods.alwaysmoreitems.init.ActionButtonListener" entrypoint...
[13:50:00] [main/INFO] (Station|API) Setting up "station-blockitems-v0" "stationapi:event_bus" "net.modificationstation.stationapi.impl.block.HasMetaBlockItemImpl" entrypoint...
[13:50:00] [main/INFO] (Station|API) Setting up "station-blockitems-v0" "stationapi:event_bus" "net.modificationstation.stationapi.impl.block.HasMetaNamedBlockItemImpl" entrypoint...
[13:50:00] [main/INFO] (Station|API) Setting up "station-blockitems-v0" "stationapi:event_bus" "net.modificationstation.stationapi.impl.block.HasCustomBlockItemFactoryImpl" entrypoint...
[13:50:00] [main/INFO] (Station|API) Setting up "station-blockitems-v0" "stationapi:event_bus" "net.modificationstation.stationapi.impl.block.BlockFormOnlyHandler" entrypoint...
[13:50:00] [main/INFO] (Station|API) Setting up "spawneggs" "stationapi:event_bus" "net.danygames2014.spawneggs.SpawnEggs" entrypoint...
[13:50:00] [main/INFO] (Station|API) Setting up "voidcalls" "stationapi:event_bus" "net.unkleacid.voidcalls.Voidcalls" entrypoint...
[13:50:00] [main/INFO] (Station|API) Setting up "station-networking-v0" "stationapi:event_bus" "net.modificationstation.stationapi.impl.network.packet.StationNetworkingInit" entrypoint...
[13:50:00] [main/INFO] (Station|API) Setting up "station-vanilla-checker-v0" "stationapi:event_bus_client" "net.modificationstation.stationapi.impl.client.network.ClientVanillaChecker" entrypoint...
[13:50:00] [main/INFO] (Station|API) Setting up "station-vanilla-fix-v0" "stationapi:event_bus_client" "net.modificationstation.stationapi.impl.vanillafix.client.gui.screen.EditWorldScreenImpl" entrypoint...
[13:50:00] [main/INFO] (Station|API) Setting up "station-vanilla-fix-v0" "stationapi:event_bus_client" "net.modificationstation.stationapi.impl.vanillafix.client.color.block.VanillaBlockColorProviders" entrypoint...
[13:50:00] [main/INFO] (Station|API) Setting up "station-items-v0" "stationapi:event_bus_client" "net.modificationstation.stationapi.impl.client.render.item.CustomItemOverlayImpl" entrypoint...
[13:50:00] [main/INFO] (Station|API) Setting up "station-items-v0" "stationapi:event_bus_client" "net.modificationstation.stationapi.impl.client.gui.screen.container.CustomTooltipRendererImpl" entrypoint...
[13:50:00] [main/INFO] (Station|API) Setting up "station-localization-api-v0" "stationapi:event_bus_client" "net.modificationstation.stationapi.api.resource.language.LanguageManager" entrypoint...
[13:50:00] [main/INFO] (Station|API) Setting up "station-container-api-v0" "stationapi:event_bus_client" "net.modificationstation.stationapi.impl.client.network.GuiClientNetworkHandler" entrypoint...
[13:50:00] [main/INFO] (Station|API) Setting up "station-entities-v0" "stationapi:event_bus_client" "net.modificationstation.stationapi.impl.client.network.EntityClientNetworkHandler" entrypoint...
[13:50:00] [main/INFO] (Station|API) Setting up "station-gui-api-v0" "stationapi:event_bus_client" "net.modificationstation.stationapi.impl.client.gui.screen.EditWorldScreenImpl" entrypoint...
[13:50:00] [main/INFO] (Station|API) Setting up "station-renderer-api-v0" "stationapi:event_bus_client" "net.modificationstation.stationapi.impl.client.texture.StationRenderImpl" entrypoint...
[13:50:00] [main/INFO] (Station|API) Setting up "station-achievements-v0" "stationapi:event_bus_client" "net.modificationstation.stationapi.impl.client.gui.screen.achievement.AchievementPageImpl" entrypoint...
[13:50:00] [main/INFO] (Station|API) Setting up "station-resource-loader-v0" "stationapi:event_bus_client" "net.modificationstation.stationapi.impl.client.resource.AssetsReloaderImpl" entrypoint...
[13:50:00] [main/INFO] (Station|API) Setting up "station-renderer-arsenic" "stationapi:event_bus_client" "net.modificationstation.stationapi.impl.client.arsenic.Arsenic" entrypoint...
[13:50:00] [main/INFO] (Station|API) Setting up "station-renderer-arsenic" "stationapi:event_bus_client" "net.modificationstation.stationapi.impl.client.arsenic.renderer.render.VanillaModelsAdapter" entrypoint...
[13:50:00] [main/INFO] (Station|API) Setting up "alwaysmoreitems" "stationapi:event_bus_client" "net.glasslauncher.mods.alwaysmoreitems.init.ClientInit" entrypoint...
[13:50:00] [main/INFO] (Station|API) Setting up "alwaysmoreitems" "stationapi:event_bus_client" "net.glasslauncher.mods.alwaysmoreitems.init.KeybindListener" entrypoint...
[13:50:00] [main/INFO] (Station|API) Setting up "alwaysmoreitems" "stationapi:event_bus_client" "net.glasslauncher.mods.alwaysmoreitems.gui.AMITooltipSystem" entrypoint...
[13:50:00] [main/INFO] (Station|API) Setting up "station-registry-sync-v0" "stationapi:event_bus_client" "net.modificationstation.stationapi.impl.client.registry.ClientServerRegistryRemapper" entrypoint...
[13:50:00] [main/INFO] (Station|API) Setting up "station-registry-sync-v0" "stationapi:event_bus_client" "net.modificationstation.stationapi.impl.client.registry.ClientRegistryRestorer" entrypoint...
[13:50:00] [main/INFO] (Station|API) Setting up "spawneggs" "stationapi:event_bus_client" "net.danygames2014.spawneggs.events.init.TextureListener" entrypoint...
[13:50:00] [main/INFO] (Station|API) Setting up "voidcalls" "stationapi:event_bus_client" "net.unkleacid.voidcalls.client.VoidCallsClient" entrypoint...
[13:50:00] [main/WARN] (FabricLoader/Mixin) @Inject(@At("FIELD")) Shift.BY=2 on gcapi3.mixins.json:client.TranslationMixin from mod gcapi3::handler$zed000$gcapi3$gcapi_hopeThatTranslationsHaveBeenHandledByNow exceeds the maximum allowed value: 0. Increase the value of maxShiftBy to suppress this warning.
[13:50:00] [main/INFO] (Station|API) Invoking Init event...
[13:50:00] [main/ERROR] (FabricLoader) A mod crashed on startup!
net.fabricmc.loader.impl.FormattedException: java.lang.RuntimeException: Could not execute entrypoint stage 'preLaunch' due to errors, provided by 'station-api-base'!
	at net.fabricmc.loader.impl.FormattedException.ofLocalized(FormattedException.java:63) ~[fabric-loader-0.15.6-babric.1.jar:?]
	at net.fabricmc.loader.impl.launch.knot.Knot.init(Knot.java:162) ~[fabric-loader-0.15.6-babric.1.jar:?]
	at net.fabricmc.loader.impl.launch.knot.Knot.launch(Knot.java:68) ~[fabric-loader-0.15.6-babric.1.jar:?]
	at net.fabricmc.loader.impl.launch.knot.KnotClient.main(KnotClient.java:23) ~[fabric-loader-0.15.6-babric.1.jar:?]
	at net.fabricmc.devlaunchinjector.Main.main(Main.java:86) ~[dev-launch-injector-0.2.1+build.8.jar:?]
Caused by: java.lang.RuntimeException: Could not execute entrypoint stage 'preLaunch' due to errors, provided by 'station-api-base'!
	at net.fabricmc.loader.impl.FabricLoaderImpl.lambda$invokeEntrypoints$2(FabricLoaderImpl.java:388) ~[fabric-loader-0.15.6-babric.1.jar:?]
	at net.fabricmc.loader.impl.util.ExceptionUtil.gatherExceptions(ExceptionUtil.java:33) ~[fabric-loader-0.15.6-babric.1.jar:?]
	at net.fabricmc.loader.impl.FabricLoaderImpl.invokeEntrypoints(FabricLoaderImpl.java:386) ~[fabric-loader-0.15.6-babric.1.jar:?]
	at net.fabricmc.loader.impl.launch.knot.Knot.init(Knot.java:160) ~[fabric-loader-0.15.6-babric.1.jar:?]
	... 3 more
Caused by: java.lang.RuntimeException: java.lang.InstantiationException: net.modificationstation.stationapi.api.event.tick.GameTickEvent
	at net.mine_diver.unsafeevents.Event.lambda$static$1(Event.java:124) ~[UnsafeEvents-17ac2971.jar:?]
	at net.mine_diver.unsafeevents.Event.getEventID(Event.java:172) ~[UnsafeEvents-17ac2971.jar:?]
	at net.mine_diver.unsafeevents.EventBus.compileRegistry(EventBus.java:308) ~[UnsafeEvents-17ac2971.jar:?]
	at it.unimi.dsi.fastutil.objects.ReferenceOpenHashSet$SetIterator.forEachRemaining(ReferenceOpenHashSet.java:584) ~[fastutil-8.5.8.jar:?]
	at net.mine_diver.unsafeevents.EventBus.compileRegistries(EventBus.java:277) ~[UnsafeEvents-17ac2971.jar:?]
	at net.mine_diver.unsafeevents.EventBus.post(EventBus.java:370) ~[UnsafeEvents-17ac2971.jar:?]
	at net.mine_diver.unsafeevents.eventbus.ManagedEventBus.post(ManagedEventBus.java:111) ~[UnsafeEvents-17ac2971.jar:?]
	at net.modificationstation.stationapi.api.StationAPI.setupMods(StationAPI.java:73) ~[station-api-base-2.0-alpha.2.4-1.0.0.jar:?]
	at net.modificationstation.stationapi.api.StationAPI.onPreLaunch(StationAPI.java:62) ~[station-api-base-2.0-alpha.2.4-1.0.0.jar:?]
	at net.fabricmc.loader.impl.FabricLoaderImpl.invokeEntrypoints(FabricLoaderImpl.java:384) ~[fabric-loader-0.15.6-babric.1.jar:?]
	at net.fabricmc.loader.impl.launch.knot.Knot.init(Knot.java:160) ~[fabric-loader-0.15.6-babric.1.jar:?]
	... 3 more
Caused by: java.lang.InstantiationException: net.modificationstation.stationapi.api.event.tick.GameTickEvent
	at jdk.internal.misc.Unsafe.allocateInstance(Native Method) ~[?:?]
	at sun.misc.Unsafe.allocateInstance(Unsafe.java:864) ~[?:?]
	at net.mine_diver.unsafeevents.Event.lambda$static$1(Event.java:122) ~[UnsafeEvents-17ac2971.jar:?]
	at net.mine_diver.unsafeevents.Event.getEventID(Event.java:172) ~[UnsafeEvents-17ac2971.jar:?]
	at net.mine_diver.unsafeevents.EventBus.compileRegistry(EventBus.java:308) ~[UnsafeEvents-17ac2971.jar:?]
	at it.unimi.dsi.fastutil.objects.ReferenceOpenHashSet$SetIterator.forEachRemaining(ReferenceOpenHashSet.java:584) ~[fastutil-8.5.8.jar:?]
	at net.mine_diver.unsafeevents.EventBus.compileRegistries(EventBus.java:277) ~[UnsafeEvents-17ac2971.jar:?]
	at net.mine_diver.unsafeevents.EventBus.post(EventBus.java:370) ~[UnsafeEvents-17ac2971.jar:?]
	at net.mine_diver.unsafeevents.eventbus.ManagedEventBus.post(ManagedEventBus.java:111) ~[UnsafeEvents-17ac2971.jar:?]
	at net.modificationstation.stationapi.api.StationAPI.setupMods(StationAPI.java:73) ~[station-api-base-2.0-alpha.2.4-1.0.0.jar:?]
	at net.modificationstation.stationapi.api.StationAPI.onPreLaunch(StationAPI.java:62) ~[station-api-base-2.0-alpha.2.4-1.0.0.jar:?]
	at net.fabricmc.loader.impl.FabricLoaderImpl.invokeEntrypoints(FabricLoaderImpl.java:384) ~[fabric-loader-0.15.6-babric.1.jar:?]
	at net.fabricmc.loader.impl.launch.knot.Knot.init(Knot.java:160) ~[fabric-loader-0.15.6-babric.1.jar:?]
	... 3 more
